<?xml version="1.0" encoding="utf-8"?>
<coverage line-rate="0.8014" branch-rate="0.5555" version="1.9" timestamp="1772339015" lines-covered="109" lines-valid="136" branches-covered="10" branches-valid="18">
  <sources>
    <source>/home/miwesh/Documents/projects/next-turn/src/</source>
  </sources>
  <packages>
    <package name="NextTurn.Domain" line-rate="1" branch-rate="1" complexity="21">
      <classes>
        <class name="NextTurn.Domain.Common.DomainException" filename="NextTurn.Domain/Common/DomainException.cs" line-rate="1" branch-rate="1" complexity="1">
          <methods>
            <method name=".ctor" signature="(System.String)" line-rate="1" branch-rate="1" complexity="1">
              <lines>
                <line number="6" hits="39" branch="False" />
              </lines>
            </method>
          </methods>
          <lines>
            <line number="6" hits="39" branch="False" />
          </lines>
        </class>
        <class name="NextTurn.Domain.Auth.ValueObjects.EmailAddress" filename="NextTurn.Domain/Auth/ValueObjects/EmailAddress.cs" line-rate="1" branch-rate="1" complexity="5">
          <methods>
            <method name="get_Value" signature="()" line-rate="1" branch-rate="1" complexity="1">
              <lines>
                <line number="7" hits="11" branch="False" />
              </lines>
            </method>
            <method name=".ctor" signature="(System.String)" line-rate="1" branch-rate="1" complexity="4">
              <lines>
                <line number="9" hits="50" branch="False" />
                <line number="10" hits="27" branch="True" condition-coverage="100% (2/2)">
                  <conditions>
                    <condition number="16" type="jump" coverage="100%" />
                  </conditions>
                </line>
                <line number="11" hits="2" branch="False" />
                <line number="14" hits="24" branch="True" condition-coverage="100% (2/2)">
                  <conditions>
                    <condition number="45" type="jump" coverage="100%" />
                  </conditions>
                </line>
                <line number="15" hits="1" branch="False" />
                <line number="18" hits="22" branch="False" />
                <line number="19" hits="22" branch="False" />
                <line number="20" hits="19" branch="False" />
                <line number="22" hits="6" branch="False" />
                <line number="23" hits="3" branch="False" />
                <line number="26" hits="19" branch="False" />
                <line number="27" hits="19" branch="False" />
              </lines>
            </method>
          </methods>
          <lines>
            <line number="7" hits="11" branch="False" />
            <line number="9" hits="50" branch="False" />
            <line number="10" hits="27" branch="True" condition-coverage="100% (2/2)">
              <conditions>
                <condition number="16" type="jump" coverage="100%" />
              </conditions>
            </line>
            <line number="11" hits="2" branch="False" />
            <line number="14" hits="24" branch="True" condition-coverage="100% (2/2)">
              <conditions>
                <condition number="45" type="jump" coverage="100%" />
              </conditions>
            </line>
            <line number="15" hits="1" branch="False" />
            <line number="18" hits="22" branch="False" />
            <line number="19" hits="22" branch="False" />
            <line number="20" hits="19" branch="False" />
            <line number="22" hits="6" branch="False" />
            <line number="23" hits="3" branch="False" />
            <line number="26" hits="19" branch="False" />
            <line number="27" hits="19" branch="False" />
          </lines>
        </class>
        <class name="NextTurn.Domain.Auth.Entities.User" filename="NextTurn.Domain/Auth/Entities/User.cs" line-rate="1" branch-rate="1" complexity="15">
          <methods>
            <method name="get_Id" signature="()" line-rate="1" branch-rate="1" complexity="1">
              <lines>
                <line number="8" hits="10" branch="False" />
              </lines>
            </method>
            <method name="get_TenantId" signature="()" line-rate="1" branch-rate="1" complexity="1">
              <lines>
                <line number="9" hits="19" branch="False" />
              </lines>
            </method>
            <method name="get_Name" signature="()" line-rate="1" branch-rate="1" complexity="1">
              <lines>
                <line number="10" hits="18" branch="False" />
              </lines>
            </method>
            <method name="get_Email" signature="()" line-rate="1" branch-rate="1" complexity="1">
              <lines>
                <line number="11" hits="26" branch="False" />
              </lines>
            </method>
            <method name="get_Phone" signature="()" line-rate="1" branch-rate="1" complexity="1">
              <lines>
                <line number="12" hits="19" branch="False" />
              </lines>
            </method>
            <method name="get_CreatedAt" signature="()" line-rate="1" branch-rate="1" complexity="1">
              <lines>
                <line number="13" hits="1" branch="False" />
              </lines>
            </method>
            <method name="get_PasswordHash" signature="()" line-rate="1" branch-rate="1" complexity="1">
              <lines>
                <line number="14" hits="19" branch="False" />
              </lines>
            </method>
            <method name="get_IsActive" signature="()" line-rate="1" branch-rate="1" complexity="1">
              <lines>
                <line number="15" hits="25" branch="False" />
              </lines>
            </method>
            <method name="Create" signature="(System.Guid,System.String,NextTurn.Domain.Auth.ValueObjects.EmailAddress,System.String,System.String)" line-rate="1" branch-rate="1" complexity="4">
              <lines>
                <line number="30" hits="21" branch="False" />
                <line number="31" hits="21" branch="True" condition-coverage="100% (2/2)">
                  <conditions>
                    <condition number="9" type="jump" coverage="100%" />
                  </conditions>
                </line>
                <line number="32" hits="2" branch="False" />
                <line number="34" hits="19" branch="True" condition-coverage="100% (2/2)">
                  <conditions>
                    <condition number="31" type="jump" coverage="100%" />
                  </conditions>
                </line>
                <line number="35" hits="2" branch="False" />
                <line number="37" hits="17" branch="False" />
                <line number="38" hits="17" branch="False" />
                <line number="39" hits="17" branch="False" />
                <line number="40" hits="17" branch="False" />
                <line number="41" hits="17" branch="False" />
                <line number="42" hits="17" branch="False" />
                <line number="43" hits="17" branch="False" />
                <line number="44" hits="17" branch="False" />
                <line number="45" hits="17" branch="False" />
                <line number="46" hits="17" branch="False" />
                <line number="47" hits="17" branch="False" />
              </lines>
            </method>
            <method name="Activate" signature="()" line-rate="1" branch-rate="1" complexity="1">
              <lines>
                <line number="49" hits="2" branch="False" />
                <line number="50" hits="2" branch="False" />
                <line number="51" hits="2" branch="False" />
              </lines>
            </method>
            <method name="Deactivate" signature="()" line-rate="1" branch-rate="1" complexity="1">
              <lines>
                <line number="53" hits="2" branch="False" />
                <line number="54" hits="2" branch="False" />
                <line number="55" hits="2" branch="False" />
              </lines>
            </method>
            <method name=".ctor" signature="(System.Guid,System.Guid,System.String,NextTurn.Domain.Auth.ValueObjects.EmailAddress,System.String,System.DateTimeOffset,System.String,System.Boolean)" line-rate="1" branch-rate="1" complexity="1">
              <lines>
                <line number="17" hits="17" branch="False" />
                <line number="18" hits="17" branch="False" />
                <line number="19" hits="17" branch="False" />
                <line number="20" hits="17" branch="False" />
                <line number="21" hits="17" branch="False" />
                <line number="22" hits="17" branch="False" />
                <line number="23" hits="17" branch="False" />
                <line number="24" hits="17" branch="False" />
                <line number="25" hits="17" branch="False" />
                <line number="26" hits="17" branch="False" />
                <line number="27" hits="17" branch="False" />
              </lines>
            </method>
          </methods>
          <lines>
            <line number="8" hits="10" branch="False" />
            <line number="9" hits="19" branch="False" />
            <line number="10" hits="18" branch="False" />
            <line number="11" hits="26" branch="False" />
            <line number="12" hits="19" branch="False" />
            <line number="13" hits="1" branch="False" />
            <line number="14" hits="19" branch="False" />
            <line number="15" hits="25" branch="False" />
            <line number="30" hits="21" branch="False" />
            <line number="31" hits="21" branch="True" condition-coverage="100% (2/2)">
              <conditions>
                <condition number="9" type="jump" coverage="100%" />
              </conditions>
            </line>
            <line number="32" hits="2" branch="False" />
            <line number="34" hits="19" branch="True" condition-coverage="100% (2/2)">
              <conditions>
                <condition number="31" type="jump" coverage="100%" />
              </conditions>
            </line>
            <line number="35" hits="2" branch="False" />
            <line number="37" hits="17" branch="False" />
            <line number="38" hits="17" branch="False" />
            <line number="39" hits="17" branch="False" />
            <line number="40" hits="17" branch="False" />
            <line number="41" hits="17" branch="False" />
            <line number="42" hits="17" branch="False" />
            <line number="43" hits="17" branch="False" />
            <line number="44" hits="17" branch="False" />
            <line number="45" hits="17" branch="False" />
            <line number="46" hits="17" branch="False" />
            <line number="47" hits="17" branch="False" />
            <line number="49" hits="2" branch="False" />
            <line number="50" hits="2" branch="False" />
            <line number="51" hits="2" branch="False" />
            <line number="53" hits="2" branch="False" />
            <line number="54" hits="2" branch="False" />
            <line number="55" hits="2" branch="False" />
            <line number="17" hits="17" branch="False" />
            <line number="18" hits="17" branch="False" />
            <line number="19" hits="17" branch="False" />
            <line number="20" hits="17" branch="False" />
            <line number="21" hits="17" branch="False" />
            <line number="22" hits="17" branch="False" />
            <line number="23" hits="17" branch="False" />
            <line number="24" hits="17" branch="False" />
            <line number="25" hits="17" branch="False" />
            <line number="26" hits="17" branch="False" />
            <line number="27" hits="17" branch="False" />
          </lines>
        </class>
      </classes>
    </package>
    <package name="NextTurn.Application" line-rate="0.6666" branch-rate="0.2" complexity="25">
      <classes>
        <class name="NextTurn.Application.DependencyInjection" filename="NextTurn.Application/DependencyInjection.cs" line-rate="0" branch-rate="1" complexity="1">
          <methods>
            <method name="AddApplication" signature="(Microsoft.Extensions.DependencyInjection.IServiceCollection)" line-rate="0" branch-rate="1" complexity="1">
              <lines>
                <line number="21" hits="0" branch="False" />
                <line number="22" hits="0" branch="False" />
                <line number="26" hits="0" branch="False" />
                <line number="27" hits="0" branch="False" />
                <line number="32" hits="0" branch="False" />
                <line number="38" hits="0" branch="False" />
                <line number="39" hits="0" branch="False" />
                <line number="40" hits="0" branch="False" />
                <line number="42" hits="0" branch="False" />
                <line number="43" hits="0" branch="False" />
              </lines>
            </method>
          </methods>
          <lines>
            <line number="21" hits="0" branch="False" />
            <line number="22" hits="0" branch="False" />
            <line number="26" hits="0" branch="False" />
            <line number="27" hits="0" branch="False" />
            <line number="32" hits="0" branch="False" />
            <line number="38" hits="0" branch="False" />
            <line number="39" hits="0" branch="False" />
            <line number="40" hits="0" branch="False" />
            <line number="42" hits="0" branch="False" />
            <line number="43" hits="0" branch="False" />
          </lines>
        </class>
        <class name="NextTurn.Application.Common.Behaviours.ValidationBehavior`2" filename="NextTurn.Application/Common/Behaviours/ValidationBehavior.cs" line-rate="0" branch-rate="1" complexity="1">
          <methods>
            <method name=".ctor" signature="(System.Collections.Generic.IEnumerable`1&lt;FluentValidation.IValidator`1&lt;TRequest&gt;&gt;)" line-rate="0" branch-rate="1" complexity="1">
              <lines>
                <line number="31" hits="0" branch="False" />
                <line number="32" hits="0" branch="False" />
                <line number="33" hits="0" branch="False" />
                <line number="34" hits="0" branch="False" />
              </lines>
            </method>
          </methods>
          <lines>
            <line number="31" hits="0" branch="False" />
            <line number="32" hits="0" branch="False" />
            <line number="33" hits="0" branch="False" />
            <line number="34" hits="0" branch="False" />
          </lines>
        </class>
        <class name="NextTurn.Application.Common.Behaviours.ValidationBehavior`2/&lt;&gt;c" filename="NextTurn.Application/Common/Behaviours/ValidationBehavior.cs" line-rate="0" branch-rate="1" complexity="2">
          <methods>
            <method name="&lt;Handle&gt;b__2_1" signature="(FluentValidation.Results.ValidationResult)" line-rate="0" branch-rate="1" complexity="1">
              <lines>
                <line number="52" hits="0" branch="False" />
              </lines>
            </method>
            <method name="&lt;Handle&gt;b__2_2" signature="(FluentValidation.Results.ValidationFailure)" line-rate="0" branch-rate="1" complexity="1">
              <lines>
                <line number="53" hits="0" branch="False" />
              </lines>
            </method>
          </methods>
          <lines>
            <line number="52" hits="0" branch="False" />
            <line number="53" hits="0" branch="False" />
          </lines>
        </class>
        <class name="NextTurn.Application.Common.Behaviours.ValidationBehavior`2/&lt;&gt;c__DisplayClass2_0" filename="NextTurn.Application/Common/Behaviours/ValidationBehavior.cs" line-rate="0" branch-rate="1" complexity="1">
          <methods>
            <method name="&lt;Handle&gt;b__0" signature="(FluentValidation.IValidator`1&lt;TRequest&gt;)" line-rate="0" branch-rate="1" complexity="1">
              <lines>
                <line number="51" hits="0" branch="False" />
              </lines>
            </method>
          </methods>
          <lines>
            <line number="51" hits="0" branch="False" />
          </lines>
        </class>
        <class name="NextTurn.Application.Common.Behaviours.ValidationBehavior`2/&lt;Handle&gt;d__2" filename="NextTurn.Application/Common/Behaviours/ValidationBehavior.cs" line-rate="0" branch-rate="0" complexity="8">
          <methods>
            <method name="MoveNext" signature="()" line-rate="0" branch-rate="0" complexity="8">
              <lines>
                <line number="40" hits="0" branch="False" />
                <line number="42" hits="0" branch="True" condition-coverage="0% (0/2)">
                  <conditions>
                    <condition number="92" type="jump" coverage="0%" />
                  </conditions>
                </line>
                <line number="43" hits="0" branch="False" />
                <line number="45" hits="0" branch="False" />
                <line number="50" hits="0" branch="True" condition-coverage="0% (0/4)">
                  <conditions>
                    <condition number="399" type="jump" coverage="0%" />
                    <condition number="435" type="jump" coverage="0%" />
                  </conditions>
                </line>
                <line number="54" hits="0" branch="False" />
                <line number="56" hits="0" branch="True" condition-coverage="0% (0/2)">
                  <conditions>
                    <condition number="500" type="jump" coverage="0%" />
                  </conditions>
                </line>
                <line number="57" hits="0" branch="False" />
                <line number="59" hits="0" branch="False" />
                <line number="60" hits="0" branch="False" />
              </lines>
            </method>
          </methods>
          <lines>
            <line number="40" hits="0" branch="False" />
            <line number="42" hits="0" branch="True" condition-coverage="0% (0/2)">
              <conditions>
                <condition number="92" type="jump" coverage="0%" />
              </conditions>
            </line>
            <line number="43" hits="0" branch="False" />
            <line number="45" hits="0" branch="False" />
            <line number="50" hits="0" branch="True" condition-coverage="0% (0/4)">
              <conditions>
                <condition number="399" type="jump" coverage="0%" />
                <condition number="435" type="jump" coverage="0%" />
              </conditions>
            </line>
            <line number="54" hits="0" branch="False" />
            <line number="56" hits="0" branch="True" condition-coverage="0% (0/2)">
              <conditions>
                <condition number="500" type="jump" coverage="0%" />
              </conditions>
            </line>
            <line number="57" hits="0" branch="False" />
            <line number="59" hits="0" branch="False" />
            <line number="60" hits="0" branch="False" />
          </lines>
        </class>
        <class name="NextTurn.Application.Auth.Commands.RegisterUser.RegisterUserCommand" filename="NextTurn.Application/Auth/Commands/RegisterUser/RegisterUserCommand.cs" line-rate="1" branch-rate="1" complexity="5">
          <methods>
            <method name="get_Name" signature="()" line-rate="1" branch-rate="1" complexity="1">
              <lines>
                <line number="11" hits="30" branch="False" />
              </lines>
            </method>
            <method name="get_Email" signature="()" line-rate="1" branch-rate="1" complexity="1">
              <lines>
                <line number="12" hits="33" branch="False" />
              </lines>
            </method>
            <method name="get_Phone" signature="()" line-rate="1" branch-rate="1" complexity="1">
              <lines>
                <line number="13" hits="29" branch="False" />
              </lines>
            </method>
            <method name="get_Password" signature="()" line-rate="1" branch-rate="1" complexity="1">
              <lines>
                <line number="14" hits="34" branch="False" />
              </lines>
            </method>
            <method name=".ctor" signature="(System.String,System.String,System.String,System.String)" line-rate="1" branch-rate="1" complexity="1">
              <lines>
                <line number="10" hits="29" branch="False" />
                <line number="15" hits="29" branch="False" />
              </lines>
            </method>
          </methods>
          <lines>
            <line number="11" hits="30" branch="False" />
            <line number="12" hits="33" branch="False" />
            <line number="13" hits="29" branch="False" />
            <line number="14" hits="34" branch="False" />
            <line number="10" hits="29" branch="False" />
            <line number="15" hits="29" branch="False" />
          </lines>
        </class>
        <class name="NextTurn.Application.Auth.Commands.RegisterUser.RegisterUserCommandHandler" filename="NextTurn.Application/Auth/Commands/RegisterUser/RegisterUserCommandHandler.cs" line-rate="1" branch-rate="1" complexity="1">
          <methods>
            <method name=".ctor" signature="(NextTurn.Domain.Auth.Repositories.IUserRepository,NextTurn.Application.Common.Interfaces.IPasswordHasher,MediatR.IPublisher,NextTurn.Application.Common.Interfaces.ITenantContext)" line-rate="1" branch-rate="1" complexity="1">
              <lines>
                <line number="28" hits="10" branch="False" />
                <line number="29" hits="10" branch="False" />
                <line number="30" hits="10" branch="False" />
                <line number="31" hits="10" branch="False" />
                <line number="32" hits="10" branch="False" />
                <line number="33" hits="10" branch="False" />
                <line number="34" hits="10" branch="False" />
                <line number="35" hits="10" branch="False" />
                <line number="36" hits="10" branch="False" />
                <line number="37" hits="10" branch="False" />
                <line number="38" hits="10" branch="False" />
              </lines>
            </method>
          </methods>
          <lines>
            <line number="28" hits="10" branch="False" />
            <line number="29" hits="10" branch="False" />
            <line number="30" hits="10" branch="False" />
            <line number="31" hits="10" branch="False" />
            <line number="32" hits="10" branch="False" />
            <line number="33" hits="10" branch="False" />
            <line number="34" hits="10" branch="False" />
            <line number="35" hits="10" branch="False" />
            <line number="36" hits="10" branch="False" />
            <line number="37" hits="10" branch="False" />
            <line number="38" hits="10" branch="False" />
          </lines>
        </class>
        <class name="NextTurn.Application.Auth.Commands.RegisterUser.RegisterUserCommandHandler/&lt;Handle&gt;d__5" filename="NextTurn.Application/Auth/Commands/RegisterUser/RegisterUserCommandHandler.cs" line-rate="1" branch-rate="1" complexity="2">
          <methods>
            <method name="MoveNext" signature="()" line-rate="1" branch-rate="1" complexity="2">
              <lines>
                <line number="41" hits="10" branch="False" />
                <line number="48" hits="10" branch="False" />
                <line number="51" hits="10" branch="False" />
                <line number="53" hits="10" branch="True" condition-coverage="100% (2/2)">
                  <conditions>
                    <condition number="207" type="jump" coverage="100%" />
                  </conditions>
                </line>
                <line number="54" hits="3" branch="False" />
                <line number="55" hits="3" branch="False" />
                <line number="59" hits="7" branch="False" />
                <line number="64" hits="7" branch="False" />
                <line number="67" hits="7" branch="False" />
                <line number="71" hits="7" branch="False" />
                <line number="72" hits="7" branch="False" />
                <line number="73" hits="7" branch="False" />
                <line number="75" hits="7" branch="False" />
                <line number="76" hits="7" branch="False" />
              </lines>
            </method>
          </methods>
          <lines>
            <line number="41" hits="10" branch="False" />
            <line number="48" hits="10" branch="False" />
            <line number="51" hits="10" branch="False" />
            <line number="53" hits="10" branch="True" condition-coverage="100% (2/2)">
              <conditions>
                <condition number="207" type="jump" coverage="100%" />
              </conditions>
            </line>
            <line number="54" hits="3" branch="False" />
            <line number="55" hits="3" branch="False" />
            <line number="59" hits="7" branch="False" />
            <line number="64" hits="7" branch="False" />
            <line number="67" hits="7" branch="False" />
            <line number="71" hits="7" branch="False" />
            <line number="72" hits="7" branch="False" />
            <line number="73" hits="7" branch="False" />
            <line number="75" hits="7" branch="False" />
            <line number="76" hits="7" branch="False" />
          </lines>
        </class>
        <class name="NextTurn.Application.Auth.Commands.RegisterUser.RegisterUserValidator" filename="NextTurn.Application/Auth/Commands/RegisterUser/RegisterUserValidator.cs" line-rate="1" branch-rate="1" complexity="1">
          <methods>
            <method name=".ctor" signature="()" line-rate="1" branch-rate="1" complexity="1">
              <lines>
                <line number="11" hits="19" branch="False" />
                <line number="12" hits="19" branch="False" />
                <line number="13" hits="19" branch="False" />
                <line number="14" hits="19" branch="False" />
                <line number="15" hits="19" branch="False" />
                <line number="17" hits="19" branch="False" />
                <line number="18" hits="19" branch="False" />
                <line number="19" hits="19" branch="False" />
                <line number="20" hits="19" branch="False" />
                <line number="22" hits="19" branch="False" />
                <line number="23" hits="19" branch="False" />
                <line number="24" hits="38" branch="False" />
                <line number="26" hits="19" branch="False" />
                <line number="27" hits="19" branch="False" />
                <line number="28" hits="19" branch="False" />
                <line number="29" hits="19" branch="False" />
                <line number="30" hits="19" branch="False" />
                <line number="31" hits="19" branch="False" />
                <line number="32" hits="19" branch="False" />
              </lines>
            </method>
          </methods>
          <lines>
            <line number="11" hits="19" branch="False" />
            <line number="12" hits="19" branch="False" />
            <line number="13" hits="19" branch="False" />
            <line number="14" hits="19" branch="False" />
            <line number="15" hits="19" branch="False" />
            <line number="17" hits="19" branch="False" />
            <line number="18" hits="19" branch="False" />
            <line number="19" hits="19" branch="False" />
            <line number="20" hits="19" branch="False" />
            <line number="22" hits="19" branch="False" />
            <line number="23" hits="19" branch="False" />
            <line number="24" hits="38" branch="False" />
            <line number="26" hits="19" branch="False" />
            <line number="27" hits="19" branch="False" />
            <line number="28" hits="19" branch="False" />
            <line number="29" hits="19" branch="False" />
            <line number="30" hits="19" branch="False" />
            <line number="31" hits="19" branch="False" />
            <line number="32" hits="19" branch="False" />
          </lines>
        </class>
        <class name="NextTurn.Application.Auth.Commands.RegisterUser.UserRegisteredNotification" filename="NextTurn.Application/Auth/Commands/RegisterUser/UserRegisteredNotification.cs" line-rate="1" branch-rate="1" complexity="3">
          <methods>
            <method name="get_UserId" signature="()" line-rate="1" branch-rate="1" complexity="1">
              <lines>
                <line number="11" hits="1" branch="False" />
              </lines>
            </method>
            <method name="get_Email" signature="()" line-rate="1" branch-rate="1" complexity="1">
              <lines>
                <line number="12" hits="1" branch="False" />
              </lines>
            </method>
            <method name=".ctor" signature="(System.Guid,System.String)" line-rate="1" branch-rate="1" complexity="1">
              <lines>
                <line number="10" hits="7" branch="False" />
                <line number="13" hits="7" branch="False" />
              </lines>
            </method>
          </methods>
          <lines>
            <line number="11" hits="1" branch="False" />
            <line number="12" hits="1" branch="False" />
            <line number="10" hits="7" branch="False" />
            <line number="13" hits="7" branch="False" />
          </lines>
        </class>
      </classes>
    </package>
  </packages>
</coverage>